
  .   ____          _            __ _ _
 /\\ / ___'_ __ _ _(_)_ __  __ _ \ \ \ \
( ( )\___ | '_ | '_| | '_ \/ _` | \ \ \ \
 \\/  ___)| |_)| | | | | || (_| |  ) ) ) )
  '  |____| .__|_| |_|_| |_\__, | / / / /
 =========|_|==============|___/=/_/_/_/
 :: Spring Boot ::                (v3.2.2)

2026-01-17T23:51:32.848+08:00  INFO 5304 --- [api-collaboration-platform] [           main] .a.p.ApiCollaborationPlatformApplication : Starting ApiCollaborationPlatformApplication v0.0.1-SNAPSHOT using Java 21.0.6 with PID 5304 (C:\Users\Ian\sandbox\API_Collaboration_Platform\backend\target\platform-0.0.1-SNAPSHOT.jar started by Ian in C:\Users\Ian\sandbox\API_Collaboration_Platform)
2026-01-17T23:51:32.849+08:00  INFO 5304 --- [api-collaboration-platform] [           main] .a.p.ApiCollaborationPlatformApplication : No active profile set, falling back to 1 default profile: "default"
2026-01-17T23:51:33.555+08:00  INFO 5304 --- [api-collaboration-platform] [           main] .s.d.r.c.RepositoryConfigurationDelegate : Bootstrapping Spring Data JPA repositories in DEFAULT mode.
2026-01-17T23:51:33.603+08:00  INFO 5304 --- [api-collaboration-platform] [           main] .s.d.r.c.RepositoryConfigurationDelegate : Finished Spring Data repository scanning in 41 ms. Found 7 JPA repository interfaces.
2026-01-17T23:51:34.083+08:00  INFO 5304 --- [api-collaboration-platform] [           main] o.s.b.w.embedded.tomcat.TomcatWebServer  : Tomcat initialized with port 8080 (http)
2026-01-17T23:51:34.094+08:00  INFO 5304 --- [api-collaboration-platform] [           main] o.apache.catalina.core.StandardService   : Starting service [Tomcat]
2026-01-17T23:51:34.094+08:00  INFO 5304 --- [api-collaboration-platform] [           main] o.apache.catalina.core.StandardEngine    : Starting Servlet engine: [Apache Tomcat/10.1.18]
2026-01-17T23:51:34.121+08:00  INFO 5304 --- [api-collaboration-platform] [           main] o.a.c.c.C.[Tomcat].[localhost].[/]       : Initializing Spring embedded WebApplicationContext
2026-01-17T23:51:34.124+08:00  INFO 5304 --- [api-collaboration-platform] [           main] w.s.c.ServletWebServerApplicationContext : Root WebApplicationContext: initialization completed in 1223 ms
2026-01-17T23:51:34.327+08:00  INFO 5304 --- [api-collaboration-platform] [           main] o.hibernate.jpa.internal.util.LogHelper  : HHH000204: Processing PersistenceUnitInfo [name: default]
2026-01-17T23:51:34.418+08:00  INFO 5304 --- [api-collaboration-platform] [           main] org.hibernate.Version                    : HHH000412: Hibernate ORM core version 6.4.1.Final
2026-01-17T23:51:34.448+08:00  INFO 5304 --- [api-collaboration-platform] [           main] o.h.c.internal.RegionFactoryInitiator    : HHH000026: Second-level cache disabled
2026-01-17T23:51:34.647+08:00  INFO 5304 --- [api-collaboration-platform] [           main] o.s.o.j.p.SpringPersistenceUnitInfo      : No LoadTimeWeaver setup: ignoring JPA class transformer
2026-01-17T23:51:34.665+08:00  INFO 5304 --- [api-collaboration-platform] [           main] com.zaxxer.hikari.HikariDataSource       : HikariPool-1 - Starting...
2026-01-17T23:51:34.737+08:00  INFO 5304 --- [api-collaboration-platform] [           main] com.zaxxer.hikari.pool.HikariPool        : HikariPool-1 - Added connection org.mariadb.jdbc.Connection@76a1146d
2026-01-17T23:51:34.738+08:00  INFO 5304 --- [api-collaboration-platform] [           main] com.zaxxer.hikari.HikariDataSource       : HikariPool-1 - Start completed.
2026-01-17T23:51:34.753+08:00  WARN 5304 --- [api-collaboration-platform] [           main] org.hibernate.orm.deprecation            : HHH90000025: MariaDBDialect does not need to be specified explicitly using 'hibernate.dialect' (remove the property setting and it will be selected by default)
2026-01-17T23:51:35.348+08:00  INFO 5304 --- [api-collaboration-platform] [           main] o.h.e.t.j.p.i.JtaPlatformInitiator       : HHH000489: No JTA platform available (set 'hibernate.transaction.jta.platform' to enable JTA platform integration)
2026-01-17T23:51:35.390+08:00  INFO 5304 --- [api-collaboration-platform] [           main] j.LocalContainerEntityManagerFactoryBean : Initialized JPA EntityManagerFactory for persistence unit 'default'
2026-01-17T23:51:35.892+08:00  INFO 5304 --- [api-collaboration-platform] [           main] o.s.d.j.r.query.QueryEnhancerFactory     : Hibernate is in classpath; If applicable, HQL parser will be used.
2026-01-17T23:51:36.350+08:00  WARN 5304 --- [api-collaboration-platform] [           main] JpaBaseConfiguration$JpaWebConfiguration : spring.jpa.open-in-view is enabled by default. Therefore, database queries may be performed during view rendering. Explicitly configure spring.jpa.open-in-view to disable this warning
2026-01-17T23:51:36.584+08:00  INFO 5304 --- [api-collaboration-platform] [           main] o.s.s.web.DefaultSecurityFilterChain     : Will secure any request with [org.springframework.security.web.session.DisableEncodeUrlFilter@16ef07fa, org.springframework.security.web.context.request.async.WebAsyncManagerIntegrationFilter@7227e3f1, org.springframework.security.web.context.SecurityContextHolderFilter@69e346b3, org.springframework.security.web.header.HeaderWriterFilter@438fcca3, org.springframework.web.filter.CorsFilter@245b009a, org.springframework.security.web.authentication.logout.LogoutFilter@24e6bd00, com.apicollab.platform.auth.config.JwtAuthenticationFilter@50ccd6a, org.springframework.security.web.savedrequest.RequestCacheAwareFilter@4fda9fde, org.springframework.security.web.servletapi.SecurityContextHolderAwareRequestFilter@3df2f4ab, org.springframework.security.web.authentication.AnonymousAuthenticationFilter@6bb2dae6, org.springframework.security.web.session.SessionManagementFilter@67e255cf, org.springframework.security.web.access.ExceptionTranslationFilter@6e774194, org.springframework.security.web.access.intercept.AuthorizationFilter@7a1587e8]
2026-01-17T23:51:36.592+08:00  WARN 5304 --- [api-collaboration-platform] [           main] o.s.s.c.a.web.builders.WebSecurity       : You are asking Spring Security to ignore Mvc [pattern='/api/v1/auth/**']. This is not recommended -- please use permitAll via HttpSecurity#authorizeHttpRequests instead.
2026-01-17T23:51:36.592+08:00  INFO 5304 --- [api-collaboration-platform] [           main] o.s.s.web.DefaultSecurityFilterChain     : Will not secure Mvc [pattern='/api/v1/auth/**']
2026-01-17T23:51:36.593+08:00  WARN 5304 --- [api-collaboration-platform] [           main] o.s.s.c.a.web.builders.WebSecurity       : You are asking Spring Security to ignore Mvc [pattern='/api/v1/test/**']. This is not recommended -- please use permitAll via HttpSecurity#authorizeHttpRequests instead.
2026-01-17T23:51:36.593+08:00  INFO 5304 --- [api-collaboration-platform] [           main] o.s.s.web.DefaultSecurityFilterChain     : Will not secure Mvc [pattern='/api/v1/test/**']
2026-01-17T23:51:36.593+08:00  WARN 5304 --- [api-collaboration-platform] [           main] o.s.s.c.a.web.builders.WebSecurity       : You are asking Spring Security to ignore Mvc [pattern='/ws-stomp/**']. This is not recommended -- please use permitAll via HttpSecurity#authorizeHttpRequests instead.
2026-01-17T23:51:36.593+08:00  INFO 5304 --- [api-collaboration-platform] [           main] o.s.s.web.DefaultSecurityFilterChain     : Will not secure Mvc [pattern='/ws-stomp/**']
2026-01-17T23:51:36.593+08:00  WARN 5304 --- [api-collaboration-platform] [           main] o.s.s.c.a.web.builders.WebSecurity       : You are asking Spring Security to ignore Mvc [pattern='/**', OPTIONS]. This is not recommended -- please use permitAll via HttpSecurity#authorizeHttpRequests instead.
2026-01-17T23:51:36.593+08:00  INFO 5304 --- [api-collaboration-platform] [           main] o.s.s.web.DefaultSecurityFilterChain     : Will not secure Mvc [pattern='/**', OPTIONS]
2026-01-17T23:51:36.897+08:00  INFO 5304 --- [api-collaboration-platform] [           main] o.s.b.w.embedded.tomcat.TomcatWebServer  : Tomcat started on port 8080 (http) with context path ''
2026-01-17T23:51:36.900+08:00  INFO 5304 --- [api-collaboration-platform] [           main] o.s.m.s.b.SimpleBrokerMessageHandler     : Starting...
2026-01-17T23:51:36.902+08:00  INFO 5304 --- [api-collaboration-platform] [           main] o.s.m.s.b.SimpleBrokerMessageHandler     : BrokerAvailabilityEvent[available=true, SimpleBrokerMessageHandler [org.springframework.messaging.simp.broker.DefaultSubscriptionRegistry@7eaa52d6]]
2026-01-17T23:51:36.903+08:00  INFO 5304 --- [api-collaboration-platform] [           main] o.s.m.s.b.SimpleBrokerMessageHandler     : Started.
2026-01-17T23:51:36.916+08:00  INFO 5304 --- [api-collaboration-platform] [           main] .a.p.ApiCollaborationPlatformApplication : Started ApiCollaborationPlatformApplication in 4.337 seconds (process running for 4.762)
--- DEBUG: RESETTING ADMIN ---
Admin password reset to 'password'
------------------------
2026-01-17T23:51:40.459+08:00  INFO 5304 --- [api-collaboration-platform] [nio-8080-exec-3] o.a.c.c.C.[Tomcat].[localhost].[/]       : Initializing Spring DispatcherServlet 'dispatcherServlet'
2026-01-17T23:51:40.460+08:00  INFO 5304 --- [api-collaboration-platform] [nio-8080-exec-3] o.s.web.servlet.DispatcherServlet        : Initializing Servlet 'dispatcherServlet'
2026-01-17T23:51:40.460+08:00  INFO 5304 --- [api-collaboration-platform] [nio-8080-exec-3] o.s.web.servlet.DispatcherServlet        : Completed initialization in 0 ms
JWT Filter processing: GET /api/v1/environments/workspace/1
JWT Filter processing: GET /api/v1/api-definitions/workspace/1
JWT Filter processing: GET /api/v1/api-definitions/workspace/1
JWT Filter processing: GET /api/v1/environments/workspace/1
JWT Filter processing: GET /api/v1/api-test-cases/api-definition/1
JWT Filter processing: GET /api/v1/api-test-cases/api-definition/3
JWT Filter processing: GET /api/v1/api-test-cases/api-definition/2
JWT Filter processing: GET /api/v1/api-test-cases/api-definition/6
JWT Filter processing: GET /api/v1/api-test-cases/api-definition/3
JWT Filter processing: GET /api/v1/api-test-cases/api-definition/2
JWT Filter processing: GET /api/v1/api-test-cases/api-definition/1
JWT Filter processing: GET /api/v1/api-test-cases/api-definition/6
JWT Filter processing: GET /api/v1/history/workspace/1
JWT Filter processing: GET /api/v1/history/workspace/1
JWT Filter processing: GET /api/v1/workspaces
JWT Filter processing: POST /api/v1/api-definitions
JWT Filter processing: PUT /api/v1/api-definitions/7
JWT Filter processing: GET /api/v1/api-definitions/workspace/1
JWT Filter processing: GET /api/v1/api-test-cases/api-definition/2
JWT Filter processing: GET /api/v1/api-test-cases/api-definition/6
JWT Filter processing: GET /api/v1/api-test-cases/api-definition/3
JWT Filter processing: GET /api/v1/api-test-cases/api-definition/7
JWT Filter processing: GET /api/v1/api-test-cases/api-definition/1
JWT Filter processing: GET /api/v1/history/workspace/1
JWT Filter processing: GET /api/v1/api-definitions/workspace/1
JWT Filter processing: GET /api/v1/api-test-cases/api-definition/3
JWT Filter processing: GET /api/v1/api-test-cases/api-definition/1
JWT Filter processing: GET /api/v1/api-test-cases/api-definition/2
JWT Filter processing: GET /api/v1/api-test-cases/api-definition/7
JWT Filter processing: GET /api/v1/api-test-cases/api-definition/6
2026-01-17T23:52:36.883+08:00  INFO 5304 --- [api-collaboration-platform] [essageBroker-10] o.s.w.s.c.WebSocketMessageBrokerStats    : WebSocketSession[1 current WS(1)-HttpStream(0)-HttpPoll(0), 1 total, 0 closed abnormally (0 connect failure, 0 send limit, 0 transport error)], stompSubProtocol[processed CONNECT(1)-CONNECTED(1)-DISCONNECT(0)], stompBrokerRelay[null], inboundChannel[pool size = 6, active threads = 0, queued tasks = 0, completed tasks = 6], outboundChannel[pool size = 3, active threads = 0, queued tasks = 0, completed tasks = 3], sockJsScheduler[pool size = 19, active threads = 1, queued tasks = 2, completed tasks = 13]
