
  .   ____          _            __ _ _
 /\\ / ___'_ __ _ _(_)_ __  __ _ \ \ \ \
( ( )\___ | '_ | '_| | '_ \/ _` | \ \ \ \
 \\/  ___)| |_)| | | | | || (_| |  ) ) ) )
  '  |____| .__|_| |_|_| |_\__, | / / / /
 =========|_|==============|___/=/_/_/_/
 :: Spring Boot ::                (v3.2.2)

2026-01-20T10:19:32.690+08:00  INFO 27564 --- [api-collaboration-platform] [           main] .a.p.ApiCollaborationPlatformApplication : Starting ApiCollaborationPlatformApplication v0.0.1-SNAPSHOT using Java 21.0.6 with PID 27564 (C:\Users\Ian\OneDrive\sandbox\API_Collaboration_Platform\backend\target\platform-0.0.1-SNAPSHOT.jar started by Ian in C:\Users\Ian\OneDrive\sandbox\API_Collaboration_Platform)
2026-01-20T10:19:32.700+08:00  INFO 27564 --- [api-collaboration-platform] [           main] .a.p.ApiCollaborationPlatformApplication : No active profile set, falling back to 1 default profile: "default"
2026-01-20T10:19:35.340+08:00  INFO 27564 --- [api-collaboration-platform] [           main] .s.d.r.c.RepositoryConfigurationDelegate : Bootstrapping Spring Data JPA repositories in DEFAULT mode.
2026-01-20T10:19:35.540+08:00  INFO 27564 --- [api-collaboration-platform] [           main] .s.d.r.c.RepositoryConfigurationDelegate : Finished Spring Data repository scanning in 176 ms. Found 7 JPA repository interfaces.
2026-01-20T10:19:38.008+08:00  INFO 27564 --- [api-collaboration-platform] [           main] o.s.b.w.embedded.tomcat.TomcatWebServer  : Tomcat initialized with port 8080 (http)
2026-01-20T10:19:38.051+08:00  INFO 27564 --- [api-collaboration-platform] [           main] o.apache.catalina.core.StandardService   : Starting service [Tomcat]
2026-01-20T10:19:38.052+08:00  INFO 27564 --- [api-collaboration-platform] [           main] o.apache.catalina.core.StandardEngine    : Starting Servlet engine: [Apache Tomcat/10.1.18]
2026-01-20T10:19:38.193+08:00  INFO 27564 --- [api-collaboration-platform] [           main] o.a.c.c.C.[Tomcat].[localhost].[/]       : Initializing Spring embedded WebApplicationContext
2026-01-20T10:19:38.198+08:00  INFO 27564 --- [api-collaboration-platform] [           main] w.s.c.ServletWebServerApplicationContext : Root WebApplicationContext: initialization completed in 5244 ms
2026-01-20T10:19:38.690+08:00  INFO 27564 --- [api-collaboration-platform] [           main] o.hibernate.jpa.internal.util.LogHelper  : HHH000204: Processing PersistenceUnitInfo [name: default]
2026-01-20T10:19:38.880+08:00  INFO 27564 --- [api-collaboration-platform] [           main] org.hibernate.Version                    : HHH000412: Hibernate ORM core version 6.4.1.Final
2026-01-20T10:19:38.971+08:00  INFO 27564 --- [api-collaboration-platform] [           main] o.h.c.internal.RegionFactoryInitiator    : HHH000026: Second-level cache disabled
2026-01-20T10:19:39.443+08:00  INFO 27564 --- [api-collaboration-platform] [           main] o.s.o.j.p.SpringPersistenceUnitInfo      : No LoadTimeWeaver setup: ignoring JPA class transformer
2026-01-20T10:19:39.482+08:00  INFO 27564 --- [api-collaboration-platform] [           main] com.zaxxer.hikari.HikariDataSource       : HikariPool-1 - Starting...
2026-01-20T10:19:39.629+08:00  INFO 27564 --- [api-collaboration-platform] [           main] com.zaxxer.hikari.pool.HikariPool        : HikariPool-1 - Added connection org.mariadb.jdbc.Connection@7845b21a
2026-01-20T10:19:39.637+08:00  INFO 27564 --- [api-collaboration-platform] [           main] com.zaxxer.hikari.HikariDataSource       : HikariPool-1 - Start completed.
2026-01-20T10:19:39.668+08:00  WARN 27564 --- [api-collaboration-platform] [           main] org.hibernate.orm.deprecation            : HHH90000025: MariaDBDialect does not need to be specified explicitly using 'hibernate.dialect' (remove the property setting and it will be selected by default)
2026-01-20T10:19:41.458+08:00  INFO 27564 --- [api-collaboration-platform] [           main] o.h.e.t.j.p.i.JtaPlatformInitiator       : HHH000489: No JTA platform available (set 'hibernate.transaction.jta.platform' to enable JTA platform integration)
2026-01-20T10:19:41.614+08:00  INFO 27564 --- [api-collaboration-platform] [           main] j.LocalContainerEntityManagerFactoryBean : Initialized JPA EntityManagerFactory for persistence unit 'default'
2026-01-20T10:19:43.441+08:00  INFO 27564 --- [api-collaboration-platform] [           main] o.s.d.j.r.query.QueryEnhancerFactory     : Hibernate is in classpath; If applicable, HQL parser will be used.
2026-01-20T10:19:44.613+08:00  WARN 27564 --- [api-collaboration-platform] [           main] JpaBaseConfiguration$JpaWebConfiguration : spring.jpa.open-in-view is enabled by default. Therefore, database queries may be performed during view rendering. Explicitly configure spring.jpa.open-in-view to disable this warning
2026-01-20T10:19:45.099+08:00  INFO 27564 --- [api-collaboration-platform] [           main] o.s.s.web.DefaultSecurityFilterChain     : Will secure any request with [org.springframework.security.web.session.DisableEncodeUrlFilter@4efb7c99, org.springframework.security.web.context.request.async.WebAsyncManagerIntegrationFilter@5563a63f, org.springframework.security.web.context.SecurityContextHolderFilter@48ebcce5, org.springframework.security.web.header.HeaderWriterFilter@78b20c7f, org.springframework.web.filter.CorsFilter@20a3118, org.springframework.security.web.authentication.logout.LogoutFilter@5a14a8c1, com.apicollab.platform.auth.config.JwtAuthenticationFilter@28068327, org.springframework.security.web.savedrequest.RequestCacheAwareFilter@199549a5, org.springframework.security.web.servletapi.SecurityContextHolderAwareRequestFilter@5edeb83e, org.springframework.security.web.authentication.AnonymousAuthenticationFilter@3d8c3d0a, org.springframework.security.web.session.SessionManagementFilter@84180e2, org.springframework.security.web.access.ExceptionTranslationFilter@676c3745, org.springframework.security.web.access.intercept.AuthorizationFilter@4823f3b8]
2026-01-20T10:19:45.109+08:00  WARN 27564 --- [api-collaboration-platform] [           main] o.s.s.c.a.web.builders.WebSecurity       : You are asking Spring Security to ignore Mvc [pattern='/api/v1/test/**']. This is not recommended -- please use permitAll via HttpSecurity#authorizeHttpRequests instead.
2026-01-20T10:19:45.110+08:00  INFO 27564 --- [api-collaboration-platform] [           main] o.s.s.web.DefaultSecurityFilterChain     : Will not secure Mvc [pattern='/api/v1/test/**']
2026-01-20T10:19:45.111+08:00  WARN 27564 --- [api-collaboration-platform] [           main] o.s.s.c.a.web.builders.WebSecurity       : You are asking Spring Security to ignore Mvc [pattern='/api/v1/mock/**']. This is not recommended -- please use permitAll via HttpSecurity#authorizeHttpRequests instead.
2026-01-20T10:19:45.111+08:00  INFO 27564 --- [api-collaboration-platform] [           main] o.s.s.web.DefaultSecurityFilterChain     : Will not secure Mvc [pattern='/api/v1/mock/**']
2026-01-20T10:19:45.111+08:00  WARN 27564 --- [api-collaboration-platform] [           main] o.s.s.c.a.web.builders.WebSecurity       : You are asking Spring Security to ignore Mvc [pattern='/ws-stomp/**']. This is not recommended -- please use permitAll via HttpSecurity#authorizeHttpRequests instead.
2026-01-20T10:19:45.112+08:00  INFO 27564 --- [api-collaboration-platform] [           main] o.s.s.web.DefaultSecurityFilterChain     : Will not secure Mvc [pattern='/ws-stomp/**']
2026-01-20T10:19:45.113+08:00  WARN 27564 --- [api-collaboration-platform] [           main] o.s.s.c.a.web.builders.WebSecurity       : You are asking Spring Security to ignore Mvc [pattern='/**', OPTIONS]. This is not recommended -- please use permitAll via HttpSecurity#authorizeHttpRequests instead.
2026-01-20T10:19:45.113+08:00  INFO 27564 --- [api-collaboration-platform] [           main] o.s.s.web.DefaultSecurityFilterChain     : Will not secure Mvc [pattern='/**', OPTIONS]
2026-01-20T10:19:45.796+08:00  INFO 27564 --- [api-collaboration-platform] [           main] o.s.b.w.embedded.tomcat.TomcatWebServer  : Tomcat started on port 8080 (http) with context path ''
2026-01-20T10:19:45.798+08:00  INFO 27564 --- [api-collaboration-platform] [           main] o.s.m.s.b.SimpleBrokerMessageHandler     : Starting...
2026-01-20T10:19:45.801+08:00  INFO 27564 --- [api-collaboration-platform] [           main] o.s.m.s.b.SimpleBrokerMessageHandler     : BrokerAvailabilityEvent[available=true, SimpleBrokerMessageHandler [org.springframework.messaging.simp.broker.DefaultSubscriptionRegistry@7906de2f]]
2026-01-20T10:19:45.802+08:00  INFO 27564 --- [api-collaboration-platform] [           main] o.s.m.s.b.SimpleBrokerMessageHandler     : Started.
2026-01-20T10:19:45.823+08:00  INFO 27564 --- [api-collaboration-platform] [           main] .a.p.ApiCollaborationPlatformApplication : Started ApiCollaborationPlatformApplication in 14.258 seconds (process running for 15.742)
--- DEBUG: RESETTING ADMIN ---
Admin password reset to 'password'
------------------------
2026-01-20T10:20:45.764+08:00  INFO 27564 --- [api-collaboration-platform] [MessageBroker-1] o.s.w.s.c.WebSocketMessageBrokerStats    : WebSocketSession[0 current WS(0)-HttpStream(0)-HttpPoll(0), 0 total, 0 closed abnormally (0 connect failure, 0 send limit, 0 transport error)], stompSubProtocol[processed CONNECT(0)-CONNECTED(0)-DISCONNECT(0)], stompBrokerRelay[null], inboundChannel[pool size = 0, active threads = 0, queued tasks = 0, completed tasks = 0], outboundChannel[pool size = 0, active threads = 0, queued tasks = 0, completed tasks = 0], sockJsScheduler[pool size = 1, active threads = 1, queued tasks = 0, completed tasks = 0]
2026-01-20T10:24:01.536+08:00  WARN 27564 --- [api-collaboration-platform] [l-1 housekeeper] com.zaxxer.hikari.pool.HikariPool        : HikariPool-1 - Thread starvation or clock leap detected (housekeeper delta=1m51s748ms658µs800ns).
