[2m21:55:54[22m [31m[1m[vite][22m[39m [31mws proxy error:[39m
Error: read ECONNRESET
    at TCP.onStreamRead (node:internal/stream_base_commons:216:20)
[2m21:55:59[22m [31m[1m[vite][22m[39m [31mhttp proxy error: /ws-stomp/info?t=1768830959122[39m
AggregateError [ECONNREFUSED]: 
    at internalConnectMultiple (node:net:1134:18)
    at afterConnectMultiple (node:net:1715:7)
[2m21:56:04[22m [31m[1m[vite][22m[39m [31mhttp proxy error: /ws-stomp/info?t=1768830964137[39m
AggregateError [ECONNREFUSED]: 
    at internalConnectMultiple (node:net:1134:18)
    at afterConnectMultiple (node:net:1715:7)
[2m21:56:09[22m [31m[1m[vite][22m[39m [31mhttp proxy error: /ws-stomp/info?t=1768830969152[39m
AggregateError [ECONNREFUSED]: 
    at internalConnectMultiple (node:net:1134:18)
    at afterConnectMultiple (node:net:1715:7)
[2m21:56:14[22m [31m[1m[vite][22m[39m [31mhttp proxy error: /ws-stomp/info?t=1768830974164[39m
AggregateError [ECONNREFUSED]: 
    at internalConnectMultiple (node:net:1134:18)
    at afterConnectMultiple (node:net:1715:7)
[2m21:56:19[22m [31m[1m[vite][22m[39m [31mhttp proxy error: /ws-stomp/info?t=1768830979180[39m
AggregateError [ECONNREFUSED]: 
    at internalConnectMultiple (node:net:1134:18)
    at afterConnectMultiple (node:net:1715:7)
[2m21:57:29[22m [31m[1m[vite][22m[39m [31mws proxy error:[39m
Error: read ECONNRESET
    at TCP.onStreamRead (node:internal/stream_base_commons:216:20)
[2m21:57:34[22m [31m[1m[vite][22m[39m [31mhttp proxy error: /ws-stomp/info?t=1768831054284[39m
AggregateError [ECONNREFUSED]: 
    at internalConnectMultiple (node:net:1134:18)
    at afterConnectMultiple (node:net:1715:7)
[2m21:57:39[22m [31m[1m[vite][22m[39m [31mhttp proxy error: /ws-stomp/info?t=1768831059293[39m
AggregateError [ECONNREFUSED]: 
    at internalConnectMultiple (node:net:1134:18)
    at afterConnectMultiple (node:net:1715:7)
[2m21:57:44[22m [31m[1m[vite][22m[39m [31mhttp proxy error: /ws-stomp/info?t=1768831064318[39m
AggregateError [ECONNREFUSED]: 
    at internalConnectMultiple (node:net:1134:18)
    at afterConnectMultiple (node:net:1715:7)
[2m21:57:49[22m [31m[1m[vite][22m[39m [31mhttp proxy error: /ws-stomp/info?t=1768831069339[39m
AggregateError [ECONNREFUSED]: 
    at internalConnectMultiple (node:net:1134:18)
    at afterConnectMultiple (node:net:1715:7)
[2m21:57:54[22m [31m[1m[vite][22m[39m [31mhttp proxy error: /ws-stomp/info?t=1768831074345[39m
AggregateError [ECONNREFUSED]: 
    at internalConnectMultiple (node:net:1134:18)
    at afterConnectMultiple (node:net:1715:7)
[2m21:57:59[22m [31m[1m[vite][22m[39m [31mhttp proxy error: /ws-stomp/info?t=1768831079360[39m
AggregateError [ECONNREFUSED]: 
    at internalConnectMultiple (node:net:1134:18)
    at afterConnectMultiple (node:net:1715:7)
[2m21:58:04[22m [31m[1m[vite][22m[39m [31mhttp proxy error: /ws-stomp/info?t=1768831084380[39m
AggregateError [ECONNREFUSED]: 
    at internalConnectMultiple (node:net:1134:18)
    at afterConnectMultiple (node:net:1715:7)
[2m21:58:09[22m [31m[1m[vite][22m[39m [31mhttp proxy error: /ws-stomp/info?t=1768831089397[39m
AggregateError [ECONNREFUSED]: 
    at internalConnectMultiple (node:net:1134:18)
    at afterConnectMultiple (node:net:1715:7)
[2m22:51:52[22m [31m[1m[vite][22m[39m [31m[2m(client)[22m[39m Pre-transform error: Unterminated regular expression
  Plugin: [35mvite:oxc[39m
  File: [36mC:/Users/Ian/sandbox/API_Collaboration_Platform/frontend/src/utils/codeGenerators.ts[39m:90:56
[33m  88 |      let body = '';
  89 |      if (request.bodyType === 'json' && request.bodyContent) {
  90 |          const escapedBody = request.bodyContent.replace(/
     |                                                          ^[39m
[2m22:51:52[22m [31m[1m[vite][22m[39m [31mInternal server error: Unterminated regular expression[39m
  Plugin: [35mvite:oxc[39m
  File: [36mC:/Users/Ian/sandbox/API_Collaboration_Platform/frontend/src/utils/codeGenerators.ts[39m:90:56
[33m  88 |      let body = '';
  89 |      if (request.bodyType === 'json' && request.bodyContent) {
  90 |          const escapedBody = request.bodyContent.replace(/
     |                                                          ^[39m
      at transformWithOxc (file:///C:/Users/Ian/sandbox/API_Collaboration_Platform/frontend/node_modules/vite/dist/node/chunks/node.js:5148:19)
      at async TransformPluginContext.transform (file:///C:/Users/Ian/sandbox/API_Collaboration_Platform/frontend/node_modules/vite/dist/node/chunks/node.js:5227:20)
      at async EnvironmentPluginContainer.transform (file:///C:/Users/Ian/sandbox/API_Collaboration_Platform/frontend/node_modules/vite/dist/node/chunks/node.js:30468:14)
      at async loadAndTransform (file:///C:/Users/Ian/sandbox/API_Collaboration_Platform/frontend/node_modules/vite/dist/node/chunks/node.js:21586:26)
      at async viteTransformMiddleware (file:///C:/Users/Ian/sandbox/API_Collaboration_Platform/frontend/node_modules/vite/dist/node/chunks/node.js:26148:20)
[2m22:52:13[22m [31m[1m[vite][22m[39m [31m[2m(client)[22m[39m Pre-transform error: Unterminated regular expression
  Plugin: [35mvite:oxc[39m
  File: [36mC:/Users/Ian/sandbox/API_Collaboration_Platform/frontend/src/utils/codeGenerators.ts[39m:90:56
[33m  88 |      let body = '';
  89 |      if (request.bodyType === 'json' && request.bodyContent) {
  90 |          const escapedBody = request.bodyContent.replace(/
     |                                                          ^[39m
[2m22:58:19[22m [31m[1m[vite][22m[39m [31mInternal server error: Unexpected token[39m
  Plugin: [35mvite:oxc[39m
  File: [36mC:/Users/Ian/sandbox/API_Collaboration_Platform/frontend/src/pages/Dashboard/WorkspaceDetail.tsx[39m:6:0
[33m  4  |    TagOutlined,
  5  |    FolderOutlined
  6  |  } from '@ant-design/icons';
     |  ^
  7  |  import { Resizable } from 're-resizable';
  8  |  import { Dropdown, Switch } from 'antd';[39m
      at transformWithOxc (file:///C:/Users/Ian/sandbox/API_Collaboration_Platform/frontend/node_modules/vite/dist/node/chunks/node.js:5148:19)
      at async TransformPluginContext.transform (file:///C:/Users/Ian/sandbox/API_Collaboration_Platform/frontend/node_modules/vite/dist/node/chunks/node.js:5227:20)
      at async EnvironmentPluginContainer.transform (file:///C:/Users/Ian/sandbox/API_Collaboration_Platform/frontend/node_modules/vite/dist/node/chunks/node.js:30468:14)
      at async loadAndTransform (file:///C:/Users/Ian/sandbox/API_Collaboration_Platform/frontend/node_modules/vite/dist/node/chunks/node.js:21586:26)
      at async viteTransformMiddleware (file:///C:/Users/Ian/sandbox/API_Collaboration_Platform/frontend/node_modules/vite/dist/node/chunks/node.js:26148:20)
[2m22:59:45[22m [31m[1m[vite][22m[39m [31mInternal server error: Unexpected token[39m
  Plugin: [35mvite:oxc[39m
  File: [36mC:/Users/Ian/sandbox/API_Collaboration_Platform/frontend/src/pages/Dashboard/WorkspaceDetail.tsx[39m:6:0
[33m  4  |    TagOutlined,
  5  |    FolderOutlined
  6  |  } from '@ant-design/icons';
     |  ^
  7  |  import { Resizable } from 're-resizable';
  8  |  import { Dropdown, Switch } from 'antd';[39m
      at transformWithOxc (file:///C:/Users/Ian/sandbox/API_Collaboration_Platform/frontend/node_modules/vite/dist/node/chunks/node.js:5148:19)
      at async TransformPluginContext.transform (file:///C:/Users/Ian/sandbox/API_Collaboration_Platform/frontend/node_modules/vite/dist/node/chunks/node.js:5227:20)
      at async EnvironmentPluginContainer.transform (file:///C:/Users/Ian/sandbox/API_Collaboration_Platform/frontend/node_modules/vite/dist/node/chunks/node.js:30468:14)
      at async loadAndTransform (file:///C:/Users/Ian/sandbox/API_Collaboration_Platform/frontend/node_modules/vite/dist/node/chunks/node.js:21586:26)
      at async viteTransformMiddleware (file:///C:/Users/Ian/sandbox/API_Collaboration_Platform/frontend/node_modules/vite/dist/node/chunks/node.js:26148:20)
[2m23:04:12[22m [31m[1m[vite][22m[39m [31mInternal server error: Identifier `handleSaveAsCase` has already been declared[39m
  Plugin: [35mvite:oxc[39m
  File: [36mC:/Users/Ian/sandbox/API_Collaboration_Platform/frontend/src/pages/Dashboard/ApiDebugger.tsx[39m:188:8
[33m  `handleSaveAsCase` has already been declared here
  186 |    };
  187 |  
  188 |    const handleSaveAsCase = () => {
      |          ^^^^^^^^^^^^^^^^
  189 |      const name = prompt('Case Name:');
  190 |      if (name && onSaveCase) {
  It can not be redeclared here
  204 |    };
  205 |  
  206 |    const handleSaveAsCase = () => {
      |          ^^^^^^^^^^^^^^^^
  207 |      const name = prompt('Case Name:');
  208 |      if (name && onSaveCase) {[39m
      at transformWithOxc (file:///C:/Users/Ian/sandbox/API_Collaboration_Platform/frontend/node_modules/vite/dist/node/chunks/node.js:5148:19)
      at async TransformPluginContext.transform (file:///C:/Users/Ian/sandbox/API_Collaboration_Platform/frontend/node_modules/vite/dist/node/chunks/node.js:5227:20)
      at async EnvironmentPluginContainer.transform (file:///C:/Users/Ian/sandbox/API_Collaboration_Platform/frontend/node_modules/vite/dist/node/chunks/node.js:30468:14)
      at async loadAndTransform (file:///C:/Users/Ian/sandbox/API_Collaboration_Platform/frontend/node_modules/vite/dist/node/chunks/node.js:21586:26)
      at async viteTransformMiddleware (file:///C:/Users/Ian/sandbox/API_Collaboration_Platform/frontend/node_modules/vite/dist/node/chunks/node.js:26148:20)
[2m23:04:25[22m [31m[1m[vite][22m[39m [31m[2m(client)[22m[39m Pre-transform error: Identifier `handleSaveAsCase` has already been declared
  Plugin: [35mvite:oxc[39m
  File: [36mC:/Users/Ian/sandbox/API_Collaboration_Platform/frontend/src/pages/Dashboard/ApiDebugger.tsx[39m:188:8
[33m  `handleSaveAsCase` has already been declared here
  186 |    };
  187 |  
  188 |    const handleSaveAsCase = () => {
      |          ^^^^^^^^^^^^^^^^
  189 |      const name = prompt('Case Name:');
  190 |      if (name && onSaveCase) {
  It can not be redeclared here
  204 |    };
  205 |  
  206 |    const handleSaveAsCase = () => {
      |          ^^^^^^^^^^^^^^^^
  207 |      const name = prompt('Case Name:');
  208 |      if (name && onSaveCase) {[39m
[2m23:09:24[22m [31m[1m[vite][22m[39m [31mws proxy error:[39m
Error: read ECONNRESET
    at TCP.onStreamRead (node:internal/stream_base_commons:216:20)
[2m23:09:24[22m [31m[1m[vite][22m[39m [31mws proxy socket error:[39m
Error: read ECONNRESET
    at TCP.onStreamRead (node:internal/stream_base_commons:216:20)
[2m23:32:21[22m [31m[1m[vite][22m[39m [31mws proxy error:[39m
Error: read ECONNRESET
    at TCP.onStreamRead (node:internal/stream_base_commons:216:20)
[2m23:32:21[22m [31m[1m[vite][22m[39m [31mws proxy socket error:[39m
Error: read ECONNRESET
    at TCP.onStreamRead (node:internal/stream_base_commons:216:20)
[2m23:47:55[22m [31m[1m[vite][22m[39m [31mws proxy error:[39m
Error: read ECONNRESET
    at TCP.onStreamRead (node:internal/stream_base_commons:216:20)
[2m23:47:55[22m [31m[1m[vite][22m[39m [31mws proxy socket error:[39m
Error: read ECONNRESET
    at TCP.onStreamRead (node:internal/stream_base_commons:216:20)
